INFO:root:Script started
INFO:root:Extracted posts for bysarahhunt in 14.614397048950195 seconds
INFO:root:Extracted posts for jwhowe2007 in 13.771859884262085 seconds
INFO:root:Extracted posts for josephdabo in 10.834866046905518 seconds
INFO:root:Extracted posts for christina--mangus in 7.863532781600952 seconds
INFO:root:Extracted posts for corinne-rushing in 11.556371927261353 seconds
INFO:root:Extracted posts for mikebeachy1 in 11.614767789840698 seconds
INFO:root:Extracted posts for andrew-banakus-21024b49 in 4.9753804206848145 seconds
INFO:root:Extracted posts for jillian-sciacca in 19.904789924621582 seconds
INFO:root:Extracted posts for matthew-booher-6a610237 in 13.680121183395386 seconds
INFO:root:Extracted posts for kevin-flynn-6ba9825 in 5.836798906326294 seconds
INFO:root:Extracted posts for amber-v-65973691 in 13.513078927993774 seconds
INFO:root:Extracted posts for simon-laug in 9.96601915359497 seconds
INFO:root:Extracted posts for mikeoliver in 6.9210731983184814 seconds
INFO:root:Extracted posts for jorellana24 in 11.44643521308899 seconds
INFO:root:Extracted posts for stefan-tysma-94097250 in 8.834471940994263 seconds
INFO:root:Extracted posts for kyle-harvey-aa8a1681 in 9.83606505393982 seconds
INFO:root:Extracted posts for kate-hooppell-b86912172 in 12.486199140548706 seconds
INFO:root:Extracted posts for briangaeddert in 11.570488214492798 seconds
INFO:root:Extracted posts for curtisharvey in 9.419522762298584 seconds
INFO:root:Extracted posts for bradenherman in 12.39828109741211 seconds
INFO:root:Extracted posts for matthew-madore in 12.478485345840454 seconds
INFO:root:Extracted posts for kim-hadfield-13b93955 in 10.504510879516602 seconds
INFO:root:Extracted posts for rbchase in 8.853260040283203 seconds
INFO:root:Extracted posts for seth-pritchett in 10.751528024673462 seconds
INFO:root:Extracted posts for quinnduffy in 11.876842021942139 seconds
INFO:root:Extracted posts for justinwsoto in 14.028685808181763 seconds
INFO:root:Extracted posts for raymond-mitchell-5156873 in 13.003039836883545 seconds
INFO:root:Extracted posts for monica-gerlach in 10.581284999847412 seconds
INFO:root:Extracted posts for oliver-mansbach-53171a223 in 7.875124931335449 seconds
INFO:root:Extracted posts for shaun-robert-tucker in 10.82184386253357 seconds
INFO:root:Extracted posts for andrewtherman in 6.047156810760498 seconds
INFO:root:Extracted posts for brian-c-b921a5112 in 7.985229730606079 seconds
INFO:root:Extracted posts for patrickdugan3 in 17.818966150283813 seconds
INFO:root:Extracted posts for rachelle-lyon in 14.354984045028687 seconds
INFO:root:Extracted posts for sarah-reed-78386917b in 15.337259769439697 seconds
INFO:root:Extracted posts for kelly-wyman-3849a5109 in 8.703466892242432 seconds
INFO:root:Extracted posts for lisalevonian in 5.8363118171691895 seconds
INFO:root:Extracted posts for annekahenry in 9.419651985168457 seconds
INFO:root:Extracted posts for elizabeth-long-6843323 in 13.28273892402649 seconds
INFO:root:Extracted posts for sasha-foley in 9.449511051177979 seconds
INFO:root:Extracted posts for kellyladd in 10.751435995101929 seconds
INFO:root:Extracted posts for heatherkirk87 in 12.860880851745605 seconds
INFO:root:Extracted posts for theresa-schneiderheinze1 in 20.10964798927307 seconds
INFO:root:Extracted posts for lauren-cybulski-34616389 in 9.934863805770874 seconds
INFO:root:Skipped https://www.linkedin.com/search/results/people/headless?currentCompany=%5B4983490%5D&origin=COMPANY_PAGE_CANNED_SEARCH due to invalid format
INFO:root:Extracted posts for ryan-timony-b8485b91 in 9.007550954818726 seconds
INFO:root:Extracted posts for logananna in 13.08389401435852 seconds
INFO:root:Extracted posts for jennybunce in 13.46938681602478 seconds
INFO:root:Extracted posts for dmabry in 19.188955307006836 seconds
INFO:root:Script ended, total time: 548.4767582416534 seconds
