INFO:root:Script started
INFO:root:Extracted posts for nadav-luzzato in 12.428706884384155 seconds
INFO:root:Extracted posts for oren-digmi in 13.479303121566772 seconds
INFO:root:Extracted posts for yaron-blum in 10.39848279953003 seconds
INFO:root:Extracted posts for natalie-bantz-642a48170 in 17.022956132888794 seconds
INFO:root:Extracted posts for gil-polak-7a001263 in 11.18480110168457 seconds
INFO:root:Extracted posts for ripleycarroll in 16.749629020690918 seconds
INFO:root:Extracted posts for baraksteindl in 7.839181661605835 seconds
INFO:root:Extracted posts for yakir-karandian-022623134 in 11.555336952209473 seconds
INFO:root:Extracted posts for ofri-rom-6a1a3928 in 19.659053087234497 seconds
INFO:root:Extracted posts for lauren-beam-355677104 in 13.988045692443848 seconds
INFO:root:Extracted posts for eliad-moscovich in 14.57941722869873 seconds
INFO:root:Extracted posts for nettashviro in 7.985273122787476 seconds
INFO:root:Extracted posts for adi-plato-7693354a in 14.846994161605835 seconds
INFO:root:Extracted posts for asaf-niv in 14.130399942398071 seconds
INFO:root:Extracted posts for gil-hefetz-qa in 13.926669836044312 seconds
INFO:root:Extracted posts for krystin in 33.08347487449646 seconds
INFO:root:Extracted posts for yonatan-nuriel-61453a8a in 15.224587678909302 seconds
INFO:root:Extracted posts for shacharg in 9.030543327331543 seconds
INFO:root:Extracted posts for feras-ghanim in 12.541286945343018 seconds
INFO:root:Extracted posts for alex-bondar in 13.793012857437134 seconds
INFO:root:Extracted posts for kulkarnisaagar in 14.109708070755005 seconds
INFO:root:Extracted posts for edouard-boukhobza in 9.422944068908691 seconds
INFO:root:Extracted posts for elinorweill in 13.703721046447754 seconds
INFO:root:Extracted posts for orad-nave-376580215 in 16.843791246414185 seconds
INFO:root:Extracted posts for stevencessario in 11.832951068878174 seconds
INFO:root:Extracted posts for veitzman in 12.760382890701294 seconds
INFO:root:Extracted posts for ariel-fishel in 11.41776704788208 seconds
INFO:root:Extracted posts for maor-shabo in 12.140415906906128 seconds
INFO:root:Extracted posts for jonathan-land-24950240 in 11.370338201522827 seconds
INFO:root:Extracted posts for elad-nachum7 in 12.422236204147339 seconds
INFO:root:Extracted posts for hadas-har-zahav-503355144 in 10.645676851272583 seconds
INFO:root:Extracted posts for sydney-harris-11763186 in 15.021919012069702 seconds
INFO:root:Extracted posts for nina-alon-403a20165 in 10.581011056900024 seconds
INFO:root:Extracted posts for sharon-brantwein in 10.442595958709717 seconds
INFO:root:Extracted posts for yuval-rimon-000470174 in 12.18730640411377 seconds
INFO:root:Extracted posts for or-weitzer-58ba817a in 11.439533710479736 seconds
INFO:root:Extracted posts for itav-stein-b5281736 in 12.640050888061523 seconds
INFO:root:Extracted posts for ariakahanoff in 11.346822261810303 seconds
INFO:root:Extracted posts for galklein in 15.059384822845459 seconds
INFO:root:Extracted posts for tal-levi-672b9a185 in 14.94228196144104 seconds
INFO:root:Extracted posts for saraybensimhon in 17.9195659160614 seconds
INFO:root:Extracted posts for raz-adi in 12.568588018417358 seconds
INFO:root:Extracted posts for shlomo-berkovits-8264a6201 in 12.23650312423706 seconds
INFO:root:Extracted posts for rachella-ferst in 12.32795786857605 seconds
INFO:root:Extracted posts for gal-merchav-519b451b8 in 7.798415899276733 seconds
INFO:root:Extracted posts for elliotbirbragher in 12.405738830566406 seconds
INFO:root:Extracted posts for tal-yehoshafat-a2227910b in 9.62617301940918 seconds
INFO:root:Extracted posts for gitit-rafael-b78b1448 in 13.439532041549683 seconds
INFO:root:Extracted posts for ofir-sason-b19866213 in 14.319369077682495 seconds
INFO:root:Extracted posts for oren-raz-193bb422 in 11.250797986984253 seconds
INFO:root:Extracted posts for ariel-nuriel-7b269a90 in 14.679492950439453 seconds
INFO:root:Extracted posts for oshratfeldman in 10.306483268737793 seconds
INFO:root:Extracted posts for ziv-kop-783b4327 in 15.958929061889648 seconds
INFO:root:Extracted posts for oren-weinreich-21402222 in 11.05989384651184 seconds
INFO:root:Extracted posts for ron-goldman-3b647a50 in 14.450367212295532 seconds
INFO:root:Extracted posts for tsah-akshota-9a15a113a in 13.606174945831299 seconds
INFO:root:Extracted posts for gal-aviv in 6.973833322525024 seconds
INFO:root:Extracted posts for katya-zalevski in 9.347831964492798 seconds
INFO:root:Extracted posts for asaf-haviv-131a1b84 in 13.794052839279175 seconds
INFO:root:Extracted posts for noam-serlin-897714185 in 12.696188926696777 seconds
INFO:root:Extracted posts for talico12 in 15.767714023590088 seconds
INFO:root:Extracted posts for ofir-avigur-3bba0b109 in 9.829921960830688 seconds
INFO:root:Extracted posts for amir-elharar-780817206 in 12.696979761123657 seconds
INFO:root:Extracted posts for golan-dor-208ba3143 in 14.406323194503784 seconds
INFO:root:Extracted posts for talia-haninkes in 13.854125022888184 seconds
INFO:root:Extracted posts for rafael-zilberman in 10.955461025238037 seconds
INFO:root:Extracted posts for mor-zusman-7b5783b3 in 10.751855850219727 seconds
INFO:root:Extracted posts for tommy-damba in 9.829867124557495 seconds
INFO:root:Extracted posts for yasmin-harper in 10.733986854553223 seconds
INFO:root:Extracted posts for sabagm in 13.12365174293518 seconds
INFO:root:Extracted posts for or-gerner in 11.392341136932373 seconds
INFO:root:Extracted posts for shachar-ratzabi-107585185 in 13.270425081253052 seconds
INFO:root:Extracted posts for tal-sibony-b0724280 in 14.653434753417969 seconds
INFO:root:Extracted posts for krish-patel-9b269a89 in 10.446873188018799 seconds
INFO:root:Extracted posts for moshe-samuel-a994462b in 15.931360006332397 seconds
INFO:root:Extracted posts for gal-madar in 10.895615100860596 seconds
INFO:root:Extracted posts for lior-tabib in 11.389382123947144 seconds
INFO:root:Extracted posts for inbar-papilsky in 12.733137130737305 seconds
INFO:root:Extracted posts for yaelregev in 11.665385961532593 seconds
INFO:root:Skipped https://www.linkedin.com/search/results/people/headless?currentCompany=%5B10591384%5D&origin=COMPANY_PAGE_CANNED_SEARCH due to invalid format
INFO:root:Extracted posts for noa-zacharowicz-0b8b12224 in 5.827173948287964 seconds
INFO:root:Extracted posts for einav-dagan-tzemach in 13.758702278137207 seconds
INFO:root:Extracted posts for dor-elias-606b30163 in 10.77101993560791 seconds
INFO:root:Extracted posts for roy-peri-8b1233108 in 13.764061212539673 seconds
INFO:root:Extracted posts for erwin-ackerman-7465abba in 9.479227781295776 seconds
INFO:root:Extracted posts for amir-oppenheim-nevo-4b48431b7 in 11.67133903503418 seconds
INFO:root:Extracted posts for daniel-bensinger-8a286a47 in 15.362494945526123 seconds
INFO:root:Extracted posts for boramann in 13.358701944351196 seconds
INFO:root:Extracted posts for naama-gil-62450231 in 11.601736307144165 seconds
INFO:root:Extracted posts for avery-sanders-shaul in 12.960954189300537 seconds
INFO:root:Extracted posts for georgia-ella-brookstone-a9a765157 in 20.953918933868408 seconds
INFO:root:Extracted posts for daniel-schlaen in 12.32364010810852 seconds
INFO:root:Extracted posts for hila-melamed-660083110 in 14.711925983428955 seconds
INFO:root:Extracted posts for alon-boneh-ab58938a in 23.562546968460083 seconds
INFO:root:Extracted posts for roni-matza-281165112 in 11.656660079956055 seconds
INFO:root:Extracted posts for eouanounou in 13.022317171096802 seconds
INFO:root:Extracted posts for raz-leshem in 10.115609169006348 seconds
INFO:root:Extracted posts for adva-deuitch-796158201 in 12.636770009994507 seconds
INFO:root:Extracted posts for eladalmog1 in 14.002519845962524 seconds
INFO:root:Extracted posts for bar-ben-yakar-0244ba154 in 8.58384370803833 seconds
INFO:root:Extracted posts for etayharamaty in 11.894551992416382 seconds
INFO:root:Extracted posts for michael-gottlieb4 in 8.831345319747925 seconds
INFO:root:Extracted posts for lior-kahn-49388b1b9 in 15.165791988372803 seconds
INFO:root:Extracted posts for ben-zayit-%E6%9D%8E%E5%85%89%E8%80%80-79a8aa156 in 10.719959020614624 seconds
INFO:root:Extracted posts for romi-oppenheim-a21182221 in 16.46259570121765 seconds
INFO:root:Extracted posts for roman-lurie-6a600011a in 13.456352949142456 seconds
INFO:root:Extracted posts for ofir-waintroub in 13.382320165634155 seconds
INFO:root:Extracted posts for ioanalatiu in 12.813071727752686 seconds
INFO:root:Extracted posts for marina-korin in 15.399800062179565 seconds
INFO:root:Extracted posts for hadarshmueli in 13.606252908706665 seconds
INFO:root:Extracted posts for martin-alexander1 in 12.310019969940186 seconds
INFO:root:Extracted posts for shira-eliason-969539205 in 8.451207399368286 seconds
INFO:root:Extracted posts for asaf-efraim-21937b208 in 14.824863910675049 seconds
INFO:root:Extracted posts for tali-berman-655b22176 in 12.5296151638031 seconds
INFO:root:Extracted posts for jordanrosenwein in 15.723257780075073 seconds
INFO:root:Extracted posts for nadav-golber in 11.777364015579224 seconds
INFO:root:Extracted posts for mickey-shulman-32a79343 in 19.81610631942749 seconds
INFO:root:Extracted posts for mikeybenchetrit in 13.393306970596313 seconds
INFO:root:Extracted posts for shahar-sasson-75a87932 in 16.84475016593933 seconds
INFO:root:Extracted posts for shira-zohar in 11.072087049484253 seconds
INFO:root:Extracted posts for roni-eschar in 15.963773250579834 seconds
INFO:root:Extracted posts for zvicohenzion in 10.473034143447876 seconds
INFO:root:Extracted posts for yasminzoran in 12.078677892684937 seconds
INFO:root:Extracted posts for ran-krichman-74a798202 in 9.715677976608276 seconds
INFO:root:Extracted posts for talia-rochwerg in 11.360714197158813 seconds
INFO:root:Extracted posts for chen-schwartz in 11.163809061050415 seconds
INFO:root:Extracted posts for timnacohen in 12.75985312461853 seconds
INFO:root:Extracted posts for shachaf-gidron-ciso-global-it-manager in 14.917741060256958 seconds
INFO:root:Extracted posts for roy-halevy in 14.799217939376831 seconds
INFO:root:Extracted posts for dblochza in 6.873414993286133 seconds
INFO:root:Extracted posts for almog-file-b2195a184 in 9.445306062698364 seconds
INFO:root:Extracted posts for julia-gurarie-9b9625160 in 13.041646003723145 seconds
INFO:root:Extracted posts for yehuda-sh in 10.395133972167969 seconds
INFO:root:Extracted posts for danit-alaluf-742a581b9 in 12.394511699676514 seconds
INFO:root:Extracted posts for shoshanafleischmann in 11.49265718460083 seconds
INFO:root:Extracted posts for diti-clayton-5468356a in 12.94994592666626 seconds
INFO:root:Extracted posts for andy-barnett-88850934 in 23.273619890213013 seconds
INFO:root:Extracted posts for chen-golan-578a0813a in 12.898135900497437 seconds
INFO:root:Extracted posts for tair-tarkay in 12.166646957397461 seconds
INFO:root:Extracted posts for gal-zorman-a33662222 in 10.641717910766602 seconds
INFO:root:Extracted posts for yonatan-zelmnovsky in 18.334031105041504 seconds
INFO:root:Extracted posts for oren-sadeh in 16.1419939994812 seconds
INFO:root:Extracted posts for sagi-yom-tov in 10.655817985534668 seconds
INFO:root:Extracted posts for aviv-ronen-573a9919b in 13.519737005233765 seconds
INFO:root:Extracted posts for daniel-sirotich-97422b218 in 12.743807077407837 seconds
INFO:root:Extracted posts for danielshafir in 10.493962049484253 seconds
INFO:root:Extracted posts for levkantortlv in 15.085685014724731 seconds
INFO:root:Extracted posts for david-kovarsky-a30516140 in 10.838175058364868 seconds
INFO:root:Extracted posts for naor-hadad-49403a148 in 12.793178796768188 seconds
INFO:root:Extracted posts for adibroshi in 11.43953824043274 seconds
INFO:root:Extracted posts for jonathan-zdravevski-095b10176 in 14.116976261138916 seconds
INFO:root:Extracted posts for tamar-kornfeld-a9ba39233 in 8.369215965270996 seconds
INFO:root:Extracted posts for qeshet-harrison-241841156 in 15.150861263275146 seconds
INFO:root:Extracted posts for amelia-judovits-059103141 in 13.245643138885498 seconds
INFO:root:Extracted posts for adi-ginzbursky in 10.522254705429077 seconds
INFO:root:Extracted posts for nechama-alexander-bb6ab932 in 15.644044876098633 seconds
INFO:root:Extracted posts for richelle-sobreviga-581317276 in 11.777165174484253 seconds
INFO:root:Extracted posts for matanya-cohen-bb3953215 in 15.253084897994995 seconds
INFO:root:Extracted posts for simona-levin in 6.801191091537476 seconds
INFO:root:Extracted posts for tomeradipaz in 12.098614931106567 seconds
INFO:root:Extracted posts for erez-damri in 10.657682180404663 seconds
INFO:root:Extracted posts for myia-shoshan in 13.553716897964478 seconds
INFO:root:Extracted posts for yuval-aloni-93b7ba238 in 13.437281847000122 seconds
INFO:root:Extracted posts for or-drory in 14.102609872817993 seconds
INFO:root:Extracted posts for amir-caspi-039697261 in 6.860302925109863 seconds
INFO:root:Extracted posts for assaf-aharon-840b71249 in 8.793731212615967 seconds
INFO:root:Extracted posts for nieve-higgins-6327a125b in 9.760199785232544 seconds
INFO:root:Extracted posts for melanie-katz-7a886a279 in 13.398935079574585 seconds
INFO:root:Extracted posts for amir-nehemia-a914a773 in 50.986345291137695 seconds
INFO:root:Extracted posts for daniel-aronovitz-09154750 in 15.05873155593872 seconds
INFO:root:Extracted posts for dean-leshem in 13.672270059585571 seconds
INFO:root:Extracted posts for pascale-chabert-9768904 in 12.63684892654419 seconds
INFO:root:Extracted posts for daniel-nuriel-4142785b in 9.517462015151978 seconds
INFO:root:Extracted posts for ron-shavit-b3b7074b in 7.920999765396118 seconds
INFO:root:Extracted posts for nir-ekman-28007b1b9 in 8.759844064712524 seconds
INFO:root:Extracted posts for or-mocha in 13.355409860610962 seconds
INFO:root:Extracted posts for magali-thoraval-b375062 in 12.663965225219727 seconds
INFO:root:Extracted posts for mor-azulay-5854491b6 in 12.785382270812988 seconds
INFO:root:Extracted posts for israel-ben-kalifa in 16.515891075134277 seconds
INFO:root:Extracted posts for philippe-martin-57935326 in 10.836254835128784 seconds
INFO:root:Extracted posts for yarden-jablon in 10.715844869613647 seconds
INFO:root:Extracted posts for yuvalmagid in 12.936818838119507 seconds
INFO:root:Extracted posts for dror-biran-a8095b78 in 11.788177251815796 seconds
INFO:root:Extracted posts for alexandra-gritsenko-2a3429208 in 13.551334857940674 seconds
INFO:root:Extracted posts for david-benaim-248502200 in 15.441600799560547 seconds
INFO:root:Extracted posts for noa-sela-9254bb179 in 9.516061067581177 seconds
INFO:root:Extracted posts for zohar-yafe-931b95185 in 15.729781866073608 seconds
INFO:root:Extracted posts for yaakov-sanders in 14.787755012512207 seconds
INFO:root:Extracted posts for ronen-rossin-ba3036183 in 14.820529222488403 seconds
INFO:root:Extracted posts for daniella-shamir-036651224 in 16.908942937850952 seconds
INFO:root:Extracted posts for maheen-kanwal in 39.18824815750122 seconds
INFO:root:Extracted posts for noa-ovadia-07a04921a in 12.123106241226196 seconds
INFO:root:Extracted posts for dansamama in 19.2372727394104 seconds
INFO:root:Extracted posts for emiliaaliev in 12.070038795471191 seconds
INFO:root:Extracted posts for el-ly-namatinia123 in 16.92610478401184 seconds
INFO:root:Extracted posts for gal-even-tov-81aa5ab8 in 10.021970987319946 seconds
INFO:root:Extracted posts for gili-ben-haim-4981b4222 in 11.375278949737549 seconds
INFO:root:Extracted posts for noam-moskowitz-63123ba6 in 11.539427995681763 seconds
INFO:root:Extracted posts for sofie-tholstrup-perlman-44851a166 in 10.976859092712402 seconds
INFO:root:Extracted posts for gairadzi in 8.067811012268066 seconds
INFO:root:Extracted posts for veronica-vinocurov-b34b8a11b in 7.770387172698975 seconds
INFO:root:Extracted posts for simonlegziel in 13.606854915618896 seconds
INFO:root:Extracted posts for omri-kravitz in 15.129719018936157 seconds
INFO:root:Extracted posts for noamdor in 12.54066276550293 seconds
INFO:root:Extracted posts for karmela-movashov-8454241a6 in 7.117952108383179 seconds
INFO:root:Extracted posts for mordechai-ben-yaacov-1aa2a6202 in 8.44315481185913 seconds
INFO:root:Extracted posts for shaked-lev-a74459121 in 12.697587966918945 seconds
INFO:root:Extracted posts for matanm in 11.81902289390564 seconds
INFO:root:Extracted posts for natan-amid-691b8910a in 7.993200302124023 seconds
INFO:root:Extracted posts for yoavahouvi in 12.85062289237976 seconds
INFO:root:Extracted posts for iris-yardeny-9876414b in 12.992591142654419 seconds
INFO:root:Extracted posts for rotem-meiri in 11.923753023147583 seconds
INFO:root:Extracted posts for yuval-magnus in 8.924733877182007 seconds
INFO:root:Extracted posts for gal-tubi-213301102 in 11.417245864868164 seconds
INFO:root:Extracted posts for heli-marciano in 9.828998804092407 seconds
INFO:root:Extracted posts for sivan-farhi-981b421b0 in 14.299836158752441 seconds
INFO:root:Extracted posts for sagi-stern-481bba45 in 10.509974718093872 seconds
INFO:root:Extracted posts for daniel-wilf-01881b208 in 9.648622989654541 seconds
INFO:root:Extracted posts for jasmine-carcaillet-24609816a in 12.744706869125366 seconds
INFO:root:Extracted posts for nathaniel-ackerman-093412158 in 12.375985860824585 seconds
INFO:root:Extracted posts for chen-shofar-83854369 in 14.04067587852478 seconds
INFO:root:Extracted posts for rebecca-michels-bb8456205 in 8.807018041610718 seconds
INFO:root:Extracted posts for eli-razimor-apter in 12.491374731063843 seconds
INFO:root:Extracted posts for dean-koren-66a2ba1a6 in 11.494755983352661 seconds
INFO:root:Extracted posts for paz-barak-2b246776 in 11.543651103973389 seconds
ERROR:root:Error occurred while processing osnat-itskovits-korach-334a8aa3: Exceeded 30 redirects.
ERROR:root:Error occurred while processing hen-farhi-53b49783: Exceeded 30 redirects.
ERROR:root:Error occurred while processing ana-radu-2b174224: Exceeded 30 redirects.
ERROR:root:Error occurred while processing isabel-de-jong-fatal: Exceeded 30 redirects.
ERROR:root:Error occurred while processing alon-refael-18214b17: Exceeded 30 redirects.
ERROR:root:Error occurred while processing noa-sagie: Exceeded 30 redirects.
ERROR:root:Error occurred while processing eli-ben-moshe-2b364b63: Exceeded 30 redirects.
ERROR:root:Error occurred while processing roy-yacar-9a3351120: Exceeded 30 redirects.
ERROR:root:Error occurred while processing victoria-levin: Exceeded 30 redirects.
ERROR:root:Error occurred while processing tani-neufeld-880357204: Exceeded 30 redirects.
ERROR:root:Error occurred while processing or-arazi-542a8321b: Exceeded 30 redirects.
ERROR:root:Error occurred while processing shahaf-fontyn-1a7092193: Exceeded 30 redirects.
ERROR:root:Error occurred while processing david-ruhm-98034432: Exceeded 30 redirects.
ERROR:root:Error occurred while processing dor-marshall-marketing-and-strategy: Exceeded 30 redirects.
ERROR:root:Error occurred while processing oripeer: Exceeded 30 redirects.
ERROR:root:Error occurred while processing lior-sedlovsky-75201322a: Exceeded 30 redirects.
ERROR:root:Error occurred while processing jenny-mendelson: Exceeded 30 redirects.
ERROR:root:Error occurred while processing talishashua: Exceeded 30 redirects.
ERROR:root:Error occurred while processing lifeofroxymelon: Exceeded 30 redirects.
ERROR:root:Error occurred while processing hadas-shlain-046112117: Exceeded 30 redirects.
ERROR:root:Error occurred while processing gal-howser-4b5368124: Exceeded 30 redirects.
ERROR:root:Error occurred while processing daniel-wood-a4a521102: Exceeded 30 redirects.
ERROR:root:Error occurred while processing liron-katzav: Exceeded 30 redirects.
ERROR:root:Error occurred while processing alma-gelbard-922607128: Exceeded 30 redirects.
ERROR:root:Error occurred while processing gabriel-engel-aa58a11a9: Exceeded 30 redirects.
ERROR:root:Error occurred while processing tohar-moreno-91b09b232: Exceeded 30 redirects.
ERROR:root:Error occurred while processing noamtalmor: Exceeded 30 redirects.
ERROR:root:Error occurred while processing sapir-nativ-goldberg-5347071b3: Exceeded 30 redirects.
ERROR:root:Error occurred while processing amos-selinger-875070222: Exceeded 30 redirects.
ERROR:root:Error occurred while processing dana-cohen-bb974b1b6: Exceeded 30 redirects.
ERROR:root:Error occurred while processing yaara-tirosh-a38007175: Exceeded 30 redirects.
ERROR:root:Error occurred while processing danit-vainrub: Exceeded 30 redirects.
ERROR:root:Error occurred while processing inbarweshler: Exceeded 30 redirects.
ERROR:root:Error occurred while processing efrat-gilad-5a75b9b: Exceeded 30 redirects.
ERROR:root:Error occurred while processing matan-rafic-37a43115b: Exceeded 30 redirects.
ERROR:root:Error occurred while processing talia-cohen-35065b30: Exceeded 30 redirects.
ERROR:root:Error occurred while processing seanshochat: Exceeded 30 redirects.
ERROR:root:Error occurred while processing danashirinov: Exceeded 30 redirects.
ERROR:root:Error occurred while processing galavital: Exceeded 30 redirects.
ERROR:root:Error occurred while processing dotan-frid-1b7b95b1: Exceeded 30 redirects.
ERROR:root:Error occurred while processing amit-rom-a68618223: Exceeded 30 redirects.
ERROR:root:Error occurred while processing amit-kerner-61b25b187: Exceeded 30 redirects.
ERROR:root:Error occurred while processing gideon-aharoni-7a6347218: Exceeded 30 redirects.
ERROR:root:Error occurred while processing tamir-torontow-61953b1b7: Exceeded 30 redirects.
ERROR:root:Error occurred while processing roimargolius: Exceeded 30 redirects.
ERROR:root:Error occurred while processing morel-pilo-a14a70208: Exceeded 30 redirects.
ERROR:root:Error occurred while processing noam-kempler-a04536200: Exceeded 30 redirects.
ERROR:root:Error occurred while processing almog-ben-horin-96a3a71ba: Exceeded 30 redirects.
ERROR:root:Error occurred while processing maya-reshef-209303236: Exceeded 30 redirects.
ERROR:root:Error occurred while processing yahal-sella: Exceeded 30 redirects.
ERROR:root:Error occurred while processing dolev-goldenberg-2b906984: Exceeded 30 redirects.
ERROR:root:Error occurred while processing lior-rauch-8856061ab: Exceeded 30 redirects.
ERROR:root:Error occurred while processing maya-luxenburg-3348a1224: Exceeded 30 redirects.
ERROR:root:Error occurred while processing guy-lalzary: Exceeded 30 redirects.
ERROR:root:Error occurred while processing reuven-rublin: Exceeded 30 redirects.
ERROR:root:Error occurred while processing lee-etzion-705b27137: Exceeded 30 redirects.
ERROR:root:Error occurred while processing ioana-andrei: Exceeded 30 redirects.
ERROR:root:Error occurred while processing matan-aizen-65a55b1a9: Exceeded 30 redirects.
ERROR:root:Error occurred while processing dror-granot: Exceeded 30 redirects.
ERROR:root:Error occurred while processing dor-yaniv: Exceeded 30 redirects.
ERROR:root:Error occurred while processing aviv-asus-b90808210: Exceeded 30 redirects.
ERROR:root:Error occurred while processing shachar-heizler: Exceeded 30 redirects.
ERROR:root:Error occurred while processing ittai-marinberg: Exceeded 30 redirects.
ERROR:root:Error occurred while processing gilad-goldin-990760132: Exceeded 30 redirects.
ERROR:root:Error occurred while processing yael-ofiram-74b440223: Exceeded 30 redirects.
ERROR:root:Error occurred while processing fabrilabo-office-a5b65a151: Exceeded 30 redirects.
ERROR:root:Error occurred while processing samadler75: Exceeded 30 redirects.
ERROR:root:Error occurred while processing ezikiel-tolentino-531055228: Exceeded 30 redirects.
ERROR:root:Error occurred while processing daniel-bloch-6a9376267: Exceeded 30 redirects.
ERROR:root:Error occurred while processing yuval-akhtarzad-164195280: Exceeded 30 redirects.
INFO:root:Script ended, total time: 3711.9393179416656 seconds
