INFO:root:Script started
INFO:root:Extracted posts for eliel-mamousette in 14.856736898422241 seconds
INFO:root:Extracted posts for nathan-clavette-877bb815a in 11.879298210144043 seconds
INFO:root:Extracted posts for hallie-sullivan-345a0919 in 14.640460014343262 seconds
INFO:root:Extracted posts for schicks in 7.8964478969573975 seconds
INFO:root:Extracted posts for ashdrex in 9.928031921386719 seconds
INFO:root:Extracted posts for tim-hannan in 10.517526626586914 seconds
INFO:root:Extracted posts for brettwickard in 13.87124514579773 seconds
INFO:root:Extracted posts for brendan-durney in 13.838658809661865 seconds
INFO:root:Extracted posts for steve-leroux-62a95958 in 10.54268193244934 seconds
INFO:root:Extracted posts for ryan-f-16004922 in 12.455456018447876 seconds
INFO:root:Extracted posts for jeremycoffield in 4.911532163619995 seconds
INFO:root:Extracted posts for dwayne-simpson-89720a18 in 10.922780752182007 seconds
INFO:root:Extracted posts for tysonchampagne in 13.65174388885498 seconds
INFO:root:Extracted posts for daniel-caton-845377233 in 5.983437776565552 seconds
INFO:root:Extracted posts for caitlyn-andrews in 22.37888526916504 seconds
INFO:root:Extracted posts for jason-walker-9951a7132 in 6.863538980484009 seconds
INFO:root:Extracted posts for joe-hinkle in 12.733313083648682 seconds
INFO:root:Extracted posts for heather-f-a4ab7155 in 8.924410104751587 seconds
INFO:root:Extracted posts for nickjosborn in 14.959987163543701 seconds
INFO:root:Extracted posts for stephanie-tope in 8.023811101913452 seconds
INFO:root:Extracted posts for sandy-ward in 10.808064937591553 seconds
INFO:root:Extracted posts for macgreagor-stevenson-711532156 in 5.778580904006958 seconds
INFO:root:Extracted posts for adam-levinson-420aa7296 in 8.75727105140686 seconds
INFO:root:Extracted posts for matttheodores in 9.867913961410522 seconds
INFO:root:Skipped https://www.linkedin.com/search/results/people/headless?currentCompany=%5B9329611%5D&origin=COMPANY_PAGE_CANNED_SEARCH due to invalid format
INFO:root:Extracted posts for dannoconnor in 8.755491018295288 seconds
INFO:root:Extracted posts for liberty-olsen-68288611a in 9.787353992462158 seconds
INFO:root:Script ended, total time: 283.54281091690063 seconds
