INFO:root:Script started
INFO:root:Extracted posts for andrew-zehnder in 13.339482069015503 seconds
INFO:root:Extracted posts for drew-ronspies06 in 7.8236401081085205 seconds
INFO:root:Extracted posts for harrison-helmer-7bb519185 in 13.342524766921997 seconds
INFO:root:Extracted posts for logan-foote-62906a8a in 22.509930849075317 seconds
INFO:root:Extracted posts for stephen-ermisch-6a19172b in 6.912783145904541 seconds
INFO:root:Extracted posts for payton-prall in 10.231113910675049 seconds
INFO:root:Extracted posts for danielccress in 8.734023809432983 seconds
INFO:root:Extracted posts for ty-perkins-8560b21b9 in 7.783427000045776 seconds
INFO:root:Extracted posts for daniel-koch-a2612576 in 5.816368818283081 seconds
INFO:root:Extracted posts for brenden-holling in 11.968613147735596 seconds
INFO:root:Extracted posts for tim-engelhaupt-99577873 in 11.365747928619385 seconds
INFO:root:Extracted posts for tim-engelhaupt-310108176 in 9.734821319580078 seconds
INFO:root:Extracted posts for matt-richardson-416536131 in 21.395581007003784 seconds
INFO:root:Extracted posts for david-li-6896a7144 in 7.929548263549805 seconds
INFO:root:Extracted posts for paul-sanger-88548416a in 12.69829797744751 seconds
INFO:root:Extracted posts for matthew-holder-8506181b2 in 12.491127967834473 seconds
INFO:root:Extracted posts for jennifer-wemhoff-99694684 in 9.882430791854858 seconds
INFO:root:Extracted posts for dane-stahr-8139a990 in 9.522716045379639 seconds
INFO:root:Extracted posts for frank-cuddy in 16.587291955947876 seconds
INFO:root:Extracted posts for steve-mattern-77a770142 in 13.770282983779907 seconds
INFO:root:Extracted posts for jonathan-stephens-7980811a5 in 10.696907043457031 seconds
INFO:root:Extracted posts for paul-murcek-02732010 in 4.813200235366821 seconds
INFO:root:Extracted posts for paul-murcek-pga-239b12208 in 12.997453927993774 seconds
INFO:root:Extracted posts for jason-meininger-32354b131 in 10.639657020568848 seconds
INFO:root:Extracted posts for cassius-dinkel-086b3a14a in 11.762348890304565 seconds
INFO:root:Extracted posts for kean-kontor-00829416b in 12.609263181686401 seconds
INFO:root:Extracted posts for ashleyannwatson in 31.60497808456421 seconds
INFO:root:Extracted posts for jeffrey-gagliano-741ba446 in 10.498615026473999 seconds
INFO:root:Extracted posts for luke-partridge-711a45274 in 9.007232904434204 seconds
INFO:root:Script ended, total time: 348.4802417755127 seconds
